# JRE version: Java(TM) SE Runtime Environment (8.0_191-b12) (build 1.8.0_191-b12)
# Java VM: Java HotSpot(TM) 64-Bit Server VM (25.191-b12 mixed mode windows-amd64 compressed oops)
Heap:
 PSYoungGen      total 156160K, used 10815K [0x00000000eab80000, 0x00000000f8500000, 0x0000000100000000)
  eden space 144896K, 0% used [0x00000000eab80000,0x00000000eab80000,0x00000000f3900000)
  from space 11264K, 96% used [0x00000000f4580000,0x00000000f500fc90,0x00000000f5080000)
  to   space 12800K, 0% used [0x00000000f3900000,0x00000000f3900000,0x00000000f4580000)
 ParOldGen       total 36352K, used 11229K [0x00000000c0200000, 0x00000000c2580000, 0x00000000eab80000)
  object space 36352K, 30% used [0x00000000c0200000,0x00000000c0cf74c8,0x00000000c2580000)
 Metaspace       used 33677K, capacity 35333K, committed 35496K, reserved 1079296K
  class space    used 4531K, capacity 4864K, committed 4864K, reserved 1048576K
GC Heap History (10 events):
Event: 1.807 GC heap after
Heap after GC invocations=5 (full 0):
 PSYoungGen      total 68096K, used 2538K [0x00000000eab80000, 0x00000000f3a80000, 0x0000000100000000)
  eden space 65536K, 0% used [0x00000000eab80000,0x00000000eab80000,0x00000000eeb80000)
  from space 2560K, 99% used [0x00000000eeb80000,0x00000000eedfab38,0x00000000eee00000)
  to   space 7680K, 0% used [0x00000000f3300000,0x00000000f3300000,0x00000000f3a80000)
 ParOldGen       total 44032K, used 11583K [0x00000000c0200000, 0x00000000c2d00000, 0x00000000eab80000)
  object space 44032K, 26% used [0x00000000c0200000,0x00000000c0d4fef0,0x00000000c2d00000)
 Metaspace       used 20662K, capacity 21272K, committed 21296K, reserved 1067008K
  class space    used 2763K, capacity 2920K, committed 2944K, reserved 1048576K
}
Event: 1.807 GC heap before
{Heap before GC invocations=6 (full 1):
 PSYoungGen      total 68096K, used 2538K [0x00000000eab80000, 0x00000000f3a80000, 0x0000000100000000)
  eden space 65536K, 0% used [0x00000000eab80000,0x00000000eab80000,0x00000000eeb80000)
  from space 2560K, 99% used [0x00000000eeb80000,0x00000000eedfab38,0x00000000eee00000)
  to   space 7680K, 0% used [0x00000000f3300000,0x00000000f3300000,0x00000000f3a80000)
 ParOldGen       total 44032K, used 11583K [0x00000000c0200000, 0x00000000c2d00000, 0x00000000eab80000)
  object space 44032K, 26% used [0x00000000c0200000,0x00000000c0d4fef0,0x00000000c2d00000)
 Metaspace       used 20662K, capacity 21272K, committed 21296K, reserved 1067008K
  class space    used 2763K, capacity 2920K, committed 2944K, reserved 1048576K
Event: 1.884 GC heap after
Heap after GC invocations=6 (full 1):
 PSYoungGen      total 68096K, used 0K [0x00000000eab80000, 0x00000000f3a80000, 0x0000000100000000)
  eden space 65536K, 0% used [0x00000000eab80000,0x00000000eab80000,0x00000000eeb80000)
  from space 2560K, 0% used [0x00000000eeb80000,0x00000000eeb80000,0x00000000eee00000)
  to   space 7680K, 0% used [0x00000000f3300000,0x00000000f3300000,0x00000000f3a80000)
 ParOldGen       total 36352K, used 7213K [0x00000000c0200000, 0x00000000c2580000, 0x00000000eab80000)
  object space 36352K, 19% used [0x00000000c0200000,0x00000000c090b578,0x00000000c2580000)
 Metaspace       used 20661K, capacity 21266K, committed 21296K, reserved 1067008K
  class space    used 2763K, capacity 2919K, committed 2944K, reserved 1048576K
}
Event: 2.676 GC heap before
{Heap before GC invocations=7 (full 1):
 PSYoungGen      total 68096K, used 65536K [0x00000000eab80000, 0x00000000f3a80000, 0x0000000100000000)
  eden space 65536K, 100% used [0x00000000eab80000,0x00000000eeb80000,0x00000000eeb80000)
  from space 2560K, 0% used [0x00000000eeb80000,0x00000000eeb80000,0x00000000eee00000)
  to   space 7680K, 0% used [0x00000000f3300000,0x00000000f3300000,0x00000000f3a80000)
 ParOldGen       total 36352K, used 7213K [0x00000000c0200000, 0x00000000c2580000, 0x00000000eab80000)
  object space 36352K, 19% used [0x00000000c0200000,0x00000000c090b578,0x00000000c2580000)
 Metaspace       used 24374K, capacity 25320K, committed 25600K, reserved 1071104K
  class space    used 3287K, capacity 3532K, committed 3584K, reserved 1048576K
Event: 2.698 GC heap after
Heap after GC invocations=7 (full 1):
 PSYoungGen      total 106496K, used 6748K [0x00000000eab80000, 0x00000000f3a00000, 0x0000000100000000)
  eden space 99328K, 0% used [0x00000000eab80000,0x00000000eab80000,0x00000000f0c80000)
  from space 7168K, 94% used [0x00000000f3300000,0x00000000f39972c0,0x00000000f3a00000)
  to   space 8192K, 0% used [0x00000000f2a00000,0x00000000f2a00000,0x00000000f3200000)
 ParOldGen       total 36352K, used 7221K [0x00000000c0200000, 0x00000000c2580000, 0x00000000eab80000)
  object space 36352K, 19% used [0x00000000c0200000,0x00000000c090d578,0x00000000c2580000)
 Metaspace       used 24374K, capacity 25320K, committed 25600K, reserved 1071104K
  class space    used 3287K, capacity 3532K, committed 3584K, reserved 1048576K
}
Event: 3.916 GC heap before
{Heap before GC invocations=8 (full 1):
 PSYoungGen      total 106496K, used 106076K [0x00000000eab80000, 0x00000000f3a00000, 0x0000000100000000)
  eden space 99328K, 100% used [0x00000000eab80000,0x00000000f0c80000,0x00000000f0c80000)
  from space 7168K, 94% used [0x00000000f3300000,0x00000000f39972c0,0x00000000f3a00000)
  to   space 8192K, 0% used [0x00000000f2a00000,0x00000000f2a00000,0x00000000f3200000)
 ParOldGen       total 36352K, used 7221K [0x00000000c0200000, 0x00000000c2580000, 0x00000000eab80000)
  object space 36352K, 19% used [0x00000000c0200000,0x00000000c090d578,0x00000000c2580000)
 Metaspace       used 31937K, capacity 33398K, committed 33536K, reserved 1079296K
  class space    used 4306K, capacity 4595K, committed 4608K, reserved 1048576K
Event: 3.938 GC heap after
Heap after GC invocations=8 (full 1):
 PSYoungGen      total 137728K, used 8178K [0x00000000eab80000, 0x00000000f5080000, 0x0000000100000000)
  eden space 129536K, 0% used [0x00000000eab80000,0x00000000eab80000,0x00000000f2a00000)
  from space 8192K, 99% used [0x00000000f2a00000,0x00000000f31fc858,0x00000000f3200000)
  to   space 11264K, 0% used [0x00000000f4580000,0x00000000f4580000,0x00000000f5080000)
 ParOldGen       total 36352K, used 11229K [0x00000000c0200000, 0x00000000c2580000, 0x00000000eab80000)
  object space 36352K, 30% used [0x00000000c0200000,0x00000000c0cf74c8,0x00000000c2580000)
 Metaspace       used 31937K, capacity 33398K, committed 33536K, reserved 1079296K
  class space    used 4306K, capacity 4595K, committed 4608K, reserved 1048576K
}
Event: 4.365 GC heap before
{Heap before GC invocations=9 (full 1):
 PSYoungGen      total 137728K, used 59037K [0x00000000eab80000, 0x00000000f5080000, 0x0000000100000000)
  eden space 129536K, 39% used [0x00000000eab80000,0x00000000edd2aba8,0x00000000f2a00000)
  from space 8192K, 99% used [0x00000000f2a00000,0x00000000f31fc858,0x00000000f3200000)
  to   space 11264K, 0% used [0x00000000f4580000,0x00000000f4580000,0x00000000f5080000)
 ParOldGen       total 36352K, used 11229K [0x00000000c0200000, 0x00000000c2580000, 0x00000000eab80000)
  object space 36352K, 30% used [0x00000000c0200000,0x00000000c0cf74c8,0x00000000c2580000)
 Metaspace       used 33677K, capacity 35333K, committed 35496K, reserved 1079296K
  class space    used 4531K, capacity 4864K, committed 4864K, reserved 1048576K
Event: 4.396 GC heap after
Heap after GC invocations=9 (full 1):
 PSYoungGen      total 156160K, used 10815K [0x00000000eab80000, 0x00000000f8500000, 0x0000000100000000)
  eden space 144896K, 0% used [0x00000000eab80000,0x00000000eab80000,0x00000000f3900000)
  from space 11264K, 96% used [0x00000000f4580000,0x00000000f500fc90,0x00000000f5080000)
  to   space 12800K, 0% used [0x00000000f3900000,0x00000000f3900000,0x00000000f4580000)
 ParOldGen       total 36352K, used 11229K [0x00000000c0200000, 0x00000000c2580000, 0x00000000eab80000)
  object space 36352K, 30% used [0x00000000c0200000,0x00000000c0cf74c8,0x00000000c2580000)
 Metaspace       used 33677K, capacity 35333K, committed 35496K, reserved 1079296K
  class space    used 4531K, capacity 4864K, committed 4864K, reserved 1048576K
}
Event: 4.396 GC heap before
{Heap before GC invocations=10 (full 2):
 PSYoungGen      total 156160K, used 10815K [0x00000000eab80000, 0x00000000f8500000, 0x0000000100000000)
  eden space 144896K, 0% used [0x00000000eab80000,0x00000000eab80000,0x00000000f3900000)
  from space 11264K, 96% used [0x00000000f4580000,0x00000000f500fc90,0x00000000f5080000)
  to   space 12800K, 0% used [0x00000000f3900000,0x00000000f3900000,0x00000000f4580000)
 ParOldGen       total 36352K, used 11229K [0x00000000c0200000, 0x00000000c2580000, 0x00000000eab80000)
  object space 36352K, 30% used [0x00000000c0200000,0x00000000c0cf74c8,0x00000000c2580000)
 Metaspace       used 33677K, capacity 35333K, committed 35496K, reserved 1079296K
  class space    used 4531K, capacity 4864K, committed 4864K, reserved 1048576K

