# JRE version: Java(TM) SE Runtime Environment (8.0_191-b12) (build 1.8.0_191-b12)
# Java VM: Java HotSpot(TM) 64-Bit Server VM (25.191-b12 mixed mode windows-amd64 compressed oops)
Heap:
 PSYoungGen      total 114688K, used 114683K [0x00000000eab80000, 0x00000000f2780000, 0x0000000100000000)
  eden space 107520K, 100% used [0x00000000eab80000,0x00000000f1480000,0x00000000f1480000)
  from space 7168K, 99% used [0x00000000f1d80000,0x00000000f247edb8,0x00000000f2480000)
  to   space 9216K, 96% used [0x00000000f1480000,0x00000000f1d34030,0x00000000f1d80000)
 ParOldGen       total 369664K, used 346188K [0x00000000c0200000, 0x00000000d6b00000, 0x00000000eab80000)
  object space 369664K, 93% used [0x00000000c0200000,0x00000000d5413230,0x00000000d6b00000)
 Metaspace       used 33827K, capacity 35356K, committed 35496K, reserved 1079296K
  class space    used 4547K, capacity 4858K, committed 4864K, reserved 1048576K
GC Heap History (10 events):
Event: 2.222 GC heap after
Heap after GC invocations=5 (full 0):
 PSYoungGen      total 35328K, used 2557K [0x00000000eab80000, 0x00000000ef880000, 0x0000000100000000)
  eden space 32768K, 0% used [0x00000000eab80000,0x00000000eab80000,0x00000000ecb80000)
  from space 2560K, 99% used [0x00000000ecb80000,0x00000000ecdff7a8,0x00000000ece00000)
  to   space 6656K, 0% used [0x00000000ef200000,0x00000000ef200000,0x00000000ef880000)
 ParOldGen       total 44032K, used 9198K [0x00000000c0200000, 0x00000000c2d00000, 0x00000000eab80000)
  object space 44032K, 20% used [0x00000000c0200000,0x00000000c0afb990,0x00000000c2d00000)
 Metaspace       used 18138K, capacity 18720K, committed 19072K, reserved 1064960K
  class space    used 2411K, capacity 2580K, committed 2688K, reserved 1048576K
}
Event: 2.454 GC heap before
{Heap before GC invocations=6 (full 0):
 PSYoungGen      total 35328K, used 24899K [0x00000000eab80000, 0x00000000ef880000, 0x0000000100000000)
  eden space 32768K, 68% used [0x00000000eab80000,0x00000000ec151518,0x00000000ecb80000)
  from space 2560K, 99% used [0x00000000ecb80000,0x00000000ecdff7a8,0x00000000ece00000)
  to   space 6656K, 0% used [0x00000000ef200000,0x00000000ef200000,0x00000000ef880000)
 ParOldGen       total 44032K, used 9198K [0x00000000c0200000, 0x00000000c2d00000, 0x00000000eab80000)
  object space 44032K, 20% used [0x00000000c0200000,0x00000000c0afb990,0x00000000c2d00000)
 Metaspace       used 20667K, capacity 21256K, committed 21296K, reserved 1067008K
  class space    used 2757K, capacity 2914K, committed 2944K, reserved 1048576K
Event: 2.494 GC heap after
Heap after GC invocations=6 (full 0):
 PSYoungGen      total 72192K, used 4896K [0x00000000eab80000, 0x00000000ef880000, 0x0000000100000000)
  eden space 65536K, 0% used [0x00000000eab80000,0x00000000eab80000,0x00000000eeb80000)
  from space 6656K, 73% used [0x00000000ef200000,0x00000000ef6c8300,0x00000000ef880000)
  to   space 6656K, 0% used [0x00000000eeb80000,0x00000000eeb80000,0x00000000ef200000)
 ParOldGen       total 44032K, used 9198K [0x00000000c0200000, 0x00000000c2d00000, 0x00000000eab80000)
  object space 44032K, 20% used [0x00000000c0200000,0x00000000c0afb990,0x00000000c2d00000)
 Metaspace       used 20667K, capacity 21256K, committed 21296K, reserved 1067008K
  class space    used 2757K, capacity 2914K, committed 2944K, reserved 1048576K
}
Event: 2.494 GC heap before
{Heap before GC invocations=7 (full 1):
 PSYoungGen      total 72192K, used 4896K [0x00000000eab80000, 0x00000000ef880000, 0x0000000100000000)
  eden space 65536K, 0% used [0x00000000eab80000,0x00000000eab80000,0x00000000eeb80000)
  from space 6656K, 73% used [0x00000000ef200000,0x00000000ef6c8300,0x00000000ef880000)
  to   space 6656K, 0% used [0x00000000eeb80000,0x00000000eeb80000,0x00000000ef200000)
 ParOldGen       total 44032K, used 9198K [0x00000000c0200000, 0x00000000c2d00000, 0x00000000eab80000)
  object space 44032K, 20% used [0x00000000c0200000,0x00000000c0afb990,0x00000000c2d00000)
 Metaspace       used 20667K, capacity 21256K, committed 21296K, reserved 1067008K
  class space    used 2757K, capacity 2914K, committed 2944K, reserved 1048576K
Event: 2.558 GC heap after
Heap after GC invocations=7 (full 1):
 PSYoungGen      total 72192K, used 0K [0x00000000eab80000, 0x00000000ef880000, 0x0000000100000000)
  eden space 65536K, 0% used [0x00000000eab80000,0x00000000eab80000,0x00000000eeb80000)
  from space 6656K, 0% used [0x00000000ef200000,0x00000000ef200000,0x00000000ef880000)
  to   space 6656K, 0% used [0x00000000eeb80000,0x00000000eeb80000,0x00000000ef200000)
 ParOldGen       total 33792K, used 8249K [0x00000000c0200000, 0x00000000c2300000, 0x00000000eab80000)
  object space 33792K, 24% used [0x00000000c0200000,0x00000000c0a0e508,0x00000000c2300000)
 Metaspace       used 20667K, capacity 21256K, committed 21296K, reserved 1067008K
  class space    used 2757K, capacity 2914K, committed 2944K, reserved 1048576K
}
Event: 3.352 GC heap before
{Heap before GC invocations=8 (full 1):
 PSYoungGen      total 72192K, used 65536K [0x00000000eab80000, 0x00000000ef880000, 0x0000000100000000)
  eden space 65536K, 100% used [0x00000000eab80000,0x00000000eeb80000,0x00000000eeb80000)
  from space 6656K, 0% used [0x00000000ef200000,0x00000000ef200000,0x00000000ef880000)
  to   space 6656K, 0% used [0x00000000eeb80000,0x00000000eeb80000,0x00000000ef200000)
 ParOldGen       total 33792K, used 8273K [0x00000000c0200000, 0x00000000c2300000, 0x00000000eab80000)
  object space 33792K, 24% used [0x00000000c0200000,0x00000000c0a14430,0x00000000c2300000)
 Metaspace       used 23862K, capacity 24764K, committed 24960K, reserved 1071104K
  class space    used 3178K, capacity 3400K, committed 3456K, reserved 1048576K
Event: 3.369 GC heap after
Heap after GC invocations=8 (full 1):
 PSYoungGen      total 72192K, used 6304K [0x00000000eab80000, 0x00000000f2480000, 0x0000000100000000)
  eden space 65536K, 0% used [0x00000000eab80000,0x00000000eab80000,0x00000000eeb80000)
  from space 6656K, 94% used [0x00000000eeb80000,0x00000000ef1a8138,0x00000000ef200000)
  to   space 7168K, 0% used [0x00000000f1d80000,0x00000000f1d80000,0x00000000f2480000)
 ParOldGen       total 33792K, used 8281K [0x00000000c0200000, 0x00000000c2300000, 0x00000000eab80000)
  object space 33792K, 24% used [0x00000000c0200000,0x00000000c0a16430,0x00000000c2300000)
 Metaspace       used 23862K, capacity 24764K, committed 24960K, reserved 1071104K
  class space    used 3178K, capacity 3400K, committed 3456K, reserved 1048576K
}
Event: 4.134 GC heap before
{Heap before GC invocations=9 (full 1):
 PSYoungGen      total 72192K, used 71840K [0x00000000eab80000, 0x00000000f2480000, 0x0000000100000000)
  eden space 65536K, 100% used [0x00000000eab80000,0x00000000eeb80000,0x00000000eeb80000)
  from space 6656K, 94% used [0x00000000eeb80000,0x00000000ef1a8138,0x00000000ef200000)
  to   space 7168K, 0% used [0x00000000f1d80000,0x00000000f1d80000,0x00000000f2480000)
 ParOldGen       total 33792K, used 8281K [0x00000000c0200000, 0x00000000c2300000, 0x00000000eab80000)
  object space 33792K, 24% used [0x00000000c0200000,0x00000000c0a16430,0x00000000c2300000)
 Metaspace       used 28000K, capacity 29000K, committed 29184K, reserved 1075200K
  class space    used 3751K, capacity 3986K, committed 4096K, reserved 1048576K
Event: 4.160 GC heap after
Heap after GC invocations=9 (full 1):
 PSYoungGen      total 114688K, used 7163K [0x00000000eab80000, 0x00000000f2780000, 0x0000000100000000)
  eden space 107520K, 0% used [0x00000000eab80000,0x00000000eab80000,0x00000000f1480000)
  from space 7168K, 99% used [0x00000000f1d80000,0x00000000f247edb8,0x00000000f2480000)
  to   space 9216K, 0% used [0x00000000f1480000,0x00000000f1480000,0x00000000f1d80000)
 ParOldGen       total 33792K, used 10756K [0x00000000c0200000, 0x00000000c2300000, 0x00000000eab80000)
  object space 33792K, 31% used [0x00000000c0200000,0x00000000c0c811a0,0x00000000c2300000)
 Metaspace       used 28000K, capacity 29000K, committed 29184K, reserved 1075200K
  class space    used 3751K, capacity 3986K, committed 4096K, reserved 1048576K
}
Event: 5.642 GC heap before
{Heap before GC invocations=10 (full 1):
 PSYoungGen      total 114688K, used 114683K [0x00000000eab80000, 0x00000000f2780000, 0x0000000100000000)
  eden space 107520K, 100% used [0x00000000eab80000,0x00000000f1480000,0x00000000f1480000)
  from space 7168K, 99% used [0x00000000f1d80000,0x00000000f247edb8,0x00000000f2480000)
  to   space 9216K, 0% used [0x00000000f1480000,0x00000000f1480000,0x00000000f1d80000)
 ParOldGen       total 33792K, used 10756K [0x00000000c0200000, 0x00000000c2300000, 0x00000000eab80000)
  object space 33792K, 31% used [0x00000000c0200000,0x00000000c0c811a0,0x00000000c2300000)
 Metaspace       used 33827K, capacity 35356K, committed 35496K, reserved 1079296K
  class space    used 4547K, capacity 4858K, committed 4864K, reserved 1048576K

