# JRE version: Java(TM) SE Runtime Environment (8.0_191-b12) (build 1.8.0_191-b12)
# Java VM: Java HotSpot(TM) 64-Bit Server VM (25.191-b12 mixed mode windows-amd64 compressed oops)
Heap:
 PSYoungGen      total 196608K, used 10561K [0x00000000eab80000, 0x00000000f7f00000, 0x0000000100000000)
  eden space 185856K, 0% used [0x00000000eab80000,0x00000000eab80000,0x00000000f6100000)
  from space 10752K, 98% used [0x00000000f6c80000,0x00000000f76d0458,0x00000000f7700000)
  to   space 11776K, 0% used [0x00000000f6100000,0x00000000f6100000,0x00000000f6c80000)
 ParOldGen       total 29696K, used 16973K [0x00000000c0200000, 0x00000000c1f00000, 0x00000000eab80000)
  object space 29696K, 57% used [0x00000000c0200000,0x00000000c12937c0,0x00000000c1f00000)
 Metaspace       used 33862K, capacity 35378K, committed 35496K, reserved 1079296K
  class space    used 4463K, capacity 4779K, committed 4864K, reserved 1048576K
GC Heap History (10 events):
Event: 2.596 GC heap after
Heap after GC invocations=7 (full 0):
 PSYoungGen      total 71680K, used 3088K [0x00000000eab80000, 0x00000000f3780000, 0x0000000100000000)
  eden space 64512K, 0% used [0x00000000eab80000,0x00000000eab80000,0x00000000eea80000)
  from space 7168K, 43% used [0x00000000eea80000,0x00000000eed84010,0x00000000ef180000)
  to   space 7168K, 0% used [0x00000000f3080000,0x00000000f3080000,0x00000000f3780000)
 ParOldGen       total 44032K, used 10241K [0x00000000c0200000, 0x00000000c2d00000, 0x00000000eab80000)
  object space 44032K, 23% used [0x00000000c0200000,0x00000000c0c00410,0x00000000c2d00000)
 Metaspace       used 20661K, capacity 21270K, committed 21296K, reserved 1067008K
  class space    used 2761K, capacity 2927K, committed 2944K, reserved 1048576K
}
Event: 2.596 GC heap before
{Heap before GC invocations=8 (full 1):
 PSYoungGen      total 71680K, used 3088K [0x00000000eab80000, 0x00000000f3780000, 0x0000000100000000)
  eden space 64512K, 0% used [0x00000000eab80000,0x00000000eab80000,0x00000000eea80000)
  from space 7168K, 43% used [0x00000000eea80000,0x00000000eed84010,0x00000000ef180000)
  to   space 7168K, 0% used [0x00000000f3080000,0x00000000f3080000,0x00000000f3780000)
 ParOldGen       total 44032K, used 10241K [0x00000000c0200000, 0x00000000c2d00000, 0x00000000eab80000)
  object space 44032K, 23% used [0x00000000c0200000,0x00000000c0c00410,0x00000000c2d00000)
 Metaspace       used 20661K, capacity 21270K, committed 21296K, reserved 1067008K
  class space    used 2761K, capacity 2927K, committed 2944K, reserved 1048576K
Event: 2.645 GC heap after
Heap after GC invocations=8 (full 1):
 PSYoungGen      total 71680K, used 0K [0x00000000eab80000, 0x00000000f3780000, 0x0000000100000000)
  eden space 64512K, 0% used [0x00000000eab80000,0x00000000eab80000,0x00000000eea80000)
  from space 7168K, 0% used [0x00000000eea80000,0x00000000eea80000,0x00000000ef180000)
  to   space 7168K, 0% used [0x00000000f3080000,0x00000000f3080000,0x00000000f3780000)
 ParOldGen       total 29696K, used 8335K [0x00000000c0200000, 0x00000000c1f00000, 0x00000000eab80000)
  object space 29696K, 28% used [0x00000000c0200000,0x00000000c0a23d00,0x00000000c1f00000)
 Metaspace       used 20661K, capacity 21270K, committed 21296K, reserved 1067008K
  class space    used 2761K, capacity 2927K, committed 2944K, reserved 1048576K
}
Event: 3.154 GC heap before
{Heap before GC invocations=9 (full 1):
 PSYoungGen      total 71680K, used 64512K [0x00000000eab80000, 0x00000000f3780000, 0x0000000100000000)
  eden space 64512K, 100% used [0x00000000eab80000,0x00000000eea80000,0x00000000eea80000)
  from space 7168K, 0% used [0x00000000eea80000,0x00000000eea80000,0x00000000ef180000)
  to   space 7168K, 0% used [0x00000000f3080000,0x00000000f3080000,0x00000000f3780000)
 ParOldGen       total 29696K, used 8335K [0x00000000c0200000, 0x00000000c1f00000, 0x00000000eab80000)
  object space 29696K, 28% used [0x00000000c0200000,0x00000000c0a23d00,0x00000000c1f00000)
 Metaspace       used 23950K, capacity 24784K, committed 24960K, reserved 1071104K
  class space    used 3164K, capacity 3370K, committed 3456K, reserved 1048576K
Event: 3.164 GC heap after
Heap after GC invocations=9 (full 1):
 PSYoungGen      total 128000K, used 5443K [0x00000000eab80000, 0x00000000f3600000, 0x0000000100000000)
  eden space 122368K, 0% used [0x00000000eab80000,0x00000000eab80000,0x00000000f2300000)
  from space 5632K, 96% used [0x00000000f3080000,0x00000000f35d0e20,0x00000000f3600000)
  to   space 7168K, 0% used [0x00000000f2800000,0x00000000f2800000,0x00000000f2f00000)
 ParOldGen       total 29696K, used 8407K [0x00000000c0200000, 0x00000000c1f00000, 0x00000000eab80000)
  object space 29696K, 28% used [0x00000000c0200000,0x00000000c0a35d10,0x00000000c1f00000)
 Metaspace       used 23950K, capacity 24784K, committed 24960K, reserved 1071104K
  class space    used 3164K, capacity 3370K, committed 3456K, reserved 1048576K
}
Event: 4.614 GC heap before
{Heap before GC invocations=10 (full 1):
 PSYoungGen      total 128000K, used 127811K [0x00000000eab80000, 0x00000000f3600000, 0x0000000100000000)
  eden space 122368K, 100% used [0x00000000eab80000,0x00000000f2300000,0x00000000f2300000)
  from space 5632K, 96% used [0x00000000f3080000,0x00000000f35d0e20,0x00000000f3600000)
  to   space 7168K, 0% used [0x00000000f2800000,0x00000000f2800000,0x00000000f2f00000)
 ParOldGen       total 29696K, used 8407K [0x00000000c0200000, 0x00000000c1f00000, 0x00000000eab80000)
  object space 29696K, 28% used [0x00000000c0200000,0x00000000c0a35d10,0x00000000c1f00000)
 Metaspace       used 30459K, capacity 31908K, committed 32128K, reserved 1077248K
  class space    used 4069K, capacity 4354K, committed 4480K, reserved 1048576K
Event: 4.653 GC heap after
Heap after GC invocations=10 (full 1):
 PSYoungGen      total 134656K, used 7156K [0x00000000eab80000, 0x00000000f7700000, 0x0000000100000000)
  eden space 127488K, 0% used [0x00000000eab80000,0x00000000eab80000,0x00000000f2800000)
  from space 7168K, 99% used [0x00000000f2800000,0x00000000f2efd050,0x00000000f2f00000)
  to   space 10752K, 0% used [0x00000000f6c80000,0x00000000f6c80000,0x00000000f7700000)
 ParOldGen       total 29696K, used 14460K [0x00000000c0200000, 0x00000000c1f00000, 0x00000000eab80000)
  object space 29696K, 48% used [0x00000000c0200000,0x00000000c101f060,0x00000000c1f00000)
 Metaspace       used 30459K, capacity 31908K, committed 32128K, reserved 1077248K
  class space    used 4069K, capacity 4354K, committed 4480K, reserved 1048576K
}
Event: 5.537 GC heap before
{Heap before GC invocations=11 (full 1):
 PSYoungGen      total 134656K, used 98894K [0x00000000eab80000, 0x00000000f7700000, 0x0000000100000000)
  eden space 127488K, 71% used [0x00000000eab80000,0x00000000f05167f8,0x00000000f2800000)
  from space 7168K, 99% used [0x00000000f2800000,0x00000000f2efd050,0x00000000f2f00000)
  to   space 10752K, 0% used [0x00000000f6c80000,0x00000000f6c80000,0x00000000f7700000)
 ParOldGen       total 29696K, used 14460K [0x00000000c0200000, 0x00000000c1f00000, 0x00000000eab80000)
  object space 29696K, 48% used [0x00000000c0200000,0x00000000c101f060,0x00000000c1f00000)
 Metaspace       used 33862K, capacity 35378K, committed 35496K, reserved 1079296K
  class space    used 4463K, capacity 4779K, committed 4864K, reserved 1048576K
Event: 5.574 GC heap after
Heap after GC invocations=11 (full 1):
 PSYoungGen      total 196608K, used 10561K [0x00000000eab80000, 0x00000000f7f00000, 0x0000000100000000)
  eden space 185856K, 0% used [0x00000000eab80000,0x00000000eab80000,0x00000000f6100000)
  from space 10752K, 98% used [0x00000000f6c80000,0x00000000f76d0458,0x00000000f7700000)
  to   space 11776K, 0% used [0x00000000f6100000,0x00000000f6100000,0x00000000f6c80000)
 ParOldGen       total 29696K, used 16973K [0x00000000c0200000, 0x00000000c1f00000, 0x00000000eab80000)
  object space 29696K, 57% used [0x00000000c0200000,0x00000000c12937c0,0x00000000c1f00000)
 Metaspace       used 33862K, capacity 35378K, committed 35496K, reserved 1079296K
  class space    used 4463K, capacity 4779K, committed 4864K, reserved 1048576K
}
Event: 5.574 GC heap before
{Heap before GC invocations=12 (full 2):
 PSYoungGen      total 196608K, used 10561K [0x00000000eab80000, 0x00000000f7f00000, 0x0000000100000000)
  eden space 185856K, 0% used [0x00000000eab80000,0x00000000eab80000,0x00000000f6100000)
  from space 10752K, 98% used [0x00000000f6c80000,0x00000000f76d0458,0x00000000f7700000)
  to   space 11776K, 0% used [0x00000000f6100000,0x00000000f6100000,0x00000000f6c80000)
 ParOldGen       total 29696K, used 16973K [0x00000000c0200000, 0x00000000c1f00000, 0x00000000eab80000)
  object space 29696K, 57% used [0x00000000c0200000,0x00000000c12937c0,0x00000000c1f00000)
 Metaspace       used 33862K, capacity 35378K, committed 35496K, reserved 1079296K
  class space    used 4463K, capacity 4779K, committed 4864K, reserved 1048576K

