# JRE version: Java(TM) SE Runtime Environment (8.0_191-b12) (build 1.8.0_191-b12)
# Java VM: Java HotSpot(TM) 64-Bit Server VM (25.191-b12 mixed mode windows-amd64 compressed oops)
Heap:
 PSYoungGen      total 71168K, used 4677K [0x00000000eab80000, 0x00000000ef780000, 0x0000000100000000)
  eden space 65536K, 0% used [0x00000000eab80000,0x00000000eab80000,0x00000000eeb80000)
  from space 5632K, 83% used [0x00000000ef200000,0x00000000ef691738,0x00000000ef780000)
  to   space 6144K, 0% used [0x00000000eeb80000,0x00000000eeb80000,0x00000000ef180000)
 ParOldGen       total 44032K, used 9055K [0x00000000c0200000, 0x00000000c2d00000, 0x00000000eab80000)
  object space 44032K, 20% used [0x00000000c0200000,0x00000000c0ad7d08,0x00000000c2d00000)
 Metaspace       used 20639K, capacity 21226K, committed 21296K, reserved 1067008K
  class space    used 2745K, capacity 2905K, committed 2944K, reserved 1048576K
GC Heap History (10 events):
Event: 1.078 GC heap after
Heap after GC invocations=2 (full 0):
 PSYoungGen      total 18944K, used 2542K [0x00000000eab80000, 0x00000000ed080000, 0x0000000100000000)
  eden space 16384K, 0% used [0x00000000eab80000,0x00000000eab80000,0x00000000ebb80000)
  from space 2560K, 99% used [0x00000000ebe00000,0x00000000ec07b860,0x00000000ec080000)
  to   space 2560K, 0% used [0x00000000ebb80000,0x00000000ebb80000,0x00000000ebe00000)
 ParOldGen       total 44032K, used 2062K [0x00000000c0200000, 0x00000000c2d00000, 0x00000000eab80000)
  object space 44032K, 4% used [0x00000000c0200000,0x00000000c0403868,0x00000000c2d00000)
 Metaspace       used 11138K, capacity 11426K, committed 11776K, reserved 1058816K
  class space    used 1364K, capacity 1445K, committed 1536K, reserved 1048576K
}
Event: 1.218 GC heap before
{Heap before GC invocations=3 (full 0):
 PSYoungGen      total 18944K, used 18926K [0x00000000eab80000, 0x00000000ed080000, 0x0000000100000000)
  eden space 16384K, 100% used [0x00000000eab80000,0x00000000ebb80000,0x00000000ebb80000)
  from space 2560K, 99% used [0x00000000ebe00000,0x00000000ec07b860,0x00000000ec080000)
  to   space 2560K, 0% used [0x00000000ebb80000,0x00000000ebb80000,0x00000000ebe00000)
 ParOldGen       total 44032K, used 2062K [0x00000000c0200000, 0x00000000c2d00000, 0x00000000eab80000)
  object space 44032K, 4% used [0x00000000c0200000,0x00000000c0403868,0x00000000c2d00000)
 Metaspace       used 13267K, capacity 13612K, committed 13824K, reserved 1060864K
  class space    used 1654K, capacity 1786K, committed 1792K, reserved 1048576K
Event: 1.227 GC heap after
Heap after GC invocations=3 (full 0):
 PSYoungGen      total 18944K, used 2558K [0x00000000eab80000, 0x00000000ed080000, 0x0000000100000000)
  eden space 16384K, 0% used [0x00000000eab80000,0x00000000eab80000,0x00000000ebb80000)
  from space 2560K, 99% used [0x00000000ebb80000,0x00000000ebdff870,0x00000000ebe00000)
  to   space 2560K, 0% used [0x00000000ece00000,0x00000000ece00000,0x00000000ed080000)
 ParOldGen       total 44032K, used 3939K [0x00000000c0200000, 0x00000000c2d00000, 0x00000000eab80000)
  object space 44032K, 8% used [0x00000000c0200000,0x00000000c05d8c58,0x00000000c2d00000)
 Metaspace       used 13267K, capacity 13612K, committed 13824K, reserved 1060864K
  class space    used 1654K, capacity 1786K, committed 1792K, reserved 1048576K
}
Event: 1.371 GC heap before
{Heap before GC invocations=4 (full 0):
 PSYoungGen      total 18944K, used 18942K [0x00000000eab80000, 0x00000000ed080000, 0x0000000100000000)
  eden space 16384K, 100% used [0x00000000eab80000,0x00000000ebb80000,0x00000000ebb80000)
  from space 2560K, 99% used [0x00000000ebb80000,0x00000000ebdff870,0x00000000ebe00000)
  to   space 2560K, 0% used [0x00000000ece00000,0x00000000ece00000,0x00000000ed080000)
 ParOldGen       total 44032K, used 3939K [0x00000000c0200000, 0x00000000c2d00000, 0x00000000eab80000)
  object space 44032K, 8% used [0x00000000c0200000,0x00000000c05d8c58,0x00000000c2d00000)
 Metaspace       used 14473K, capacity 14936K, committed 15104K, reserved 1062912K
  class space    used 1886K, capacity 2030K, committed 2048K, reserved 1048576K
Event: 1.400 GC heap after
Heap after GC invocations=4 (full 0):
 PSYoungGen      total 35328K, used 2554K [0x00000000eab80000, 0x00000000ed080000, 0x0000000100000000)
  eden space 32768K, 0% used [0x00000000eab80000,0x00000000eab80000,0x00000000ecb80000)
  from space 2560K, 99% used [0x00000000ece00000,0x00000000ed07eb28,0x00000000ed080000)
  to   space 2560K, 0% used [0x00000000ecb80000,0x00000000ecb80000,0x00000000ece00000)
 ParOldGen       total 44032K, used 5268K [0x00000000c0200000, 0x00000000c2d00000, 0x00000000eab80000)
  object space 44032K, 11% used [0x00000000c0200000,0x00000000c0725198,0x00000000c2d00000)
 Metaspace       used 14473K, capacity 14936K, committed 15104K, reserved 1062912K
  class space    used 1886K, capacity 2030K, committed 2048K, reserved 1048576K
}
Event: 1.679 GC heap before
{Heap before GC invocations=5 (full 0):
 PSYoungGen      total 35328K, used 35322K [0x00000000eab80000, 0x00000000ed080000, 0x0000000100000000)
  eden space 32768K, 100% used [0x00000000eab80000,0x00000000ecb80000,0x00000000ecb80000)
  from space 2560K, 99% used [0x00000000ece00000,0x00000000ed07eb28,0x00000000ed080000)
  to   space 2560K, 0% used [0x00000000ecb80000,0x00000000ecb80000,0x00000000ece00000)
 ParOldGen       total 44032K, used 5268K [0x00000000c0200000, 0x00000000c2d00000, 0x00000000eab80000)
  object space 44032K, 11% used [0x00000000c0200000,0x00000000c0725198,0x00000000c2d00000)
 Metaspace       used 18090K, capacity 18710K, committed 19072K, reserved 1064960K
  class space    used 2405K, capacity 2575K, committed 2688K, reserved 1048576K
Event: 1.743 GC heap after
Heap after GC invocations=5 (full 0):
 PSYoungGen      total 35328K, used 2558K [0x00000000eab80000, 0x00000000ef880000, 0x0000000100000000)
  eden space 32768K, 0% used [0x00000000eab80000,0x00000000eab80000,0x00000000ecb80000)
  from space 2560K, 99% used [0x00000000ecb80000,0x00000000ecdff870,0x00000000ece00000)
  to   space 6656K, 0% used [0x00000000ef200000,0x00000000ef200000,0x00000000ef880000)
 ParOldGen       total 44032K, used 9055K [0x00000000c0200000, 0x00000000c2d00000, 0x00000000eab80000)
  object space 44032K, 20% used [0x00000000c0200000,0x00000000c0ad7d08,0x00000000c2d00000)
 Metaspace       used 18090K, capacity 18710K, committed 19072K, reserved 1064960K
  class space    used 2405K, capacity 2575K, committed 2688K, reserved 1048576K
}
Event: 1.956 GC heap before
{Heap before GC invocations=6 (full 0):
 PSYoungGen      total 35328K, used 21775K [0x00000000eab80000, 0x00000000ef880000, 0x0000000100000000)
  eden space 32768K, 58% used [0x00000000eab80000,0x00000000ebe44398,0x00000000ecb80000)
  from space 2560K, 99% used [0x00000000ecb80000,0x00000000ecdff870,0x00000000ece00000)
  to   space 6656K, 0% used [0x00000000ef200000,0x00000000ef200000,0x00000000ef880000)
 ParOldGen       total 44032K, used 9055K [0x00000000c0200000, 0x00000000c2d00000, 0x00000000eab80000)
  object space 44032K, 20% used [0x00000000c0200000,0x00000000c0ad7d08,0x00000000c2d00000)
 Metaspace       used 20639K, capacity 21226K, committed 21296K, reserved 1067008K
  class space    used 2745K, capacity 2905K, committed 2944K, reserved 1048576K
Event: 2.042 GC heap after
Heap after GC invocations=6 (full 0):
 PSYoungGen      total 71168K, used 4677K [0x00000000eab80000, 0x00000000ef780000, 0x0000000100000000)
  eden space 65536K, 0% used [0x00000000eab80000,0x00000000eab80000,0x00000000eeb80000)
  from space 5632K, 83% used [0x00000000ef200000,0x00000000ef691738,0x00000000ef780000)
  to   space 6144K, 0% used [0x00000000eeb80000,0x00000000eeb80000,0x00000000ef180000)
 ParOldGen       total 44032K, used 9055K [0x00000000c0200000, 0x00000000c2d00000, 0x00000000eab80000)
  object space 44032K, 20% used [0x00000000c0200000,0x00000000c0ad7d08,0x00000000c2d00000)
 Metaspace       used 20639K, capacity 21226K, committed 21296K, reserved 1067008K
  class space    used 2745K, capacity 2905K, committed 2944K, reserved 1048576K
}
Event: 2.042 GC heap before
{Heap before GC invocations=7 (full 1):
 PSYoungGen      total 71168K, used 4677K [0x00000000eab80000, 0x00000000ef780000, 0x0000000100000000)
  eden space 65536K, 0% used [0x00000000eab80000,0x00000000eab80000,0x00000000eeb80000)
  from space 5632K, 83% used [0x00000000ef200000,0x00000000ef691738,0x00000000ef780000)
  to   space 6144K, 0% used [0x00000000eeb80000,0x00000000eeb80000,0x00000000ef180000)
 ParOldGen       total 44032K, used 9055K [0x00000000c0200000, 0x00000000c2d00000, 0x00000000eab80000)
  object space 44032K, 20% used [0x00000000c0200000,0x00000000c0ad7d08,0x00000000c2d00000)
 Metaspace       used 20639K, capacity 21226K, committed 21296K, reserved 1067008K
  class space    used 2745K, capacity 2905K, committed 2944K, reserved 1048576K

